<?xml version="1.0" encoding="UTF-8"?>
<robot generator="Robot 7.0.1 (Python 3.12.5 on darwin)" generated="2024-09-12T10:03:54.789379" rpa="false" schemaversion="5">
<suite id="s1" name="Test" source="/Users/raiannalima/Documents/Programming/Courses/Robot-Framework-02-Intermediary-Exercises/ex-09/test.robot">
<test id="s1-t1" name="Abrir o site da OrangeHrm, fazer login e cadastrar um novo funcionário" line="64">
<kw name="Abrir o navegador no site OrangeHrm">
<kw name="Open Browser" owner="SeleniumLibrary">
<msg time="2024-09-12T10:03:55.183722" level="INFO">Opening browser 'chrome' to base url 'https://opensource-demo.orangehrmlive.com/'.</msg>
<arg>${url}</arg>
<arg>chrome</arg>
<doc>Opens a new browser instance to the optional ``url``.</doc>
<status status="PASS" start="2024-09-12T10:03:55.183362" elapsed="5.539650"/>
</kw>
<status status="PASS" start="2024-09-12T10:03:55.182279" elapsed="5.541422"/>
</kw>
<kw name="Fazer login">
<kw name="Wait Until Element Is Visible" owner="SeleniumLibrary">
<arg>${input_name}</arg>
<arg>20s</arg>
<doc>Waits until the element ``locator`` is visible.</doc>
<status status="PASS" start="2024-09-12T10:04:00.725787" elapsed="6.102597"/>
</kw>
<kw name="Input Text" owner="SeleniumLibrary">
<msg time="2024-09-12T10:04:06.828978" level="INFO">Typing text 'Admin' into text field '//input[@name="username"]'.</msg>
<arg>${input_name}</arg>
<arg>${key_name}</arg>
<doc>Types the given ``text`` into the text field identified by ``locator``.</doc>
<status status="PASS" start="2024-09-12T10:04:06.828647" elapsed="0.200844"/>
</kw>
<kw name="Input Text" owner="SeleniumLibrary">
<msg time="2024-09-12T10:04:07.029977" level="INFO">Typing text 'admin123' into text field '//input[@name="password"]'.</msg>
<arg>${input_password}</arg>
<arg>${key_password}</arg>
<doc>Types the given ``text`` into the text field identified by ``locator``.</doc>
<status status="PASS" start="2024-09-12T10:04:07.029696" elapsed="0.162637"/>
</kw>
<kw name="Click Element" owner="SeleniumLibrary">
<msg time="2024-09-12T10:04:07.193728" level="INFO">Clicking element '//button[@class="oxd-button oxd-button--medium oxd-button--main orangehrm-login-button"]'.</msg>
<arg>${btn_login}</arg>
<doc>Click the element identified by ``locator``.</doc>
<status status="PASS" start="2024-09-12T10:04:07.192809" elapsed="1.555757"/>
</kw>
<status status="PASS" start="2024-09-12T10:04:00.724757" elapsed="8.023986"/>
</kw>
<kw name="Cadastrar um novo funcionário">
<kw name="Wait Until Element Is Visible" owner="SeleniumLibrary">
<arg>${btn_PIN}</arg>
<arg>20s</arg>
<doc>Waits until the element ``locator`` is visible.</doc>
<status status="PASS" start="2024-09-12T10:04:08.750538" elapsed="0.682046"/>
</kw>
<kw name="Click Element" owner="SeleniumLibrary">
<msg time="2024-09-12T10:04:09.433377" level="INFO">Clicking element '(//li[@class="oxd-main-menu-item-wrapper"])[2]'.</msg>
<arg>${btn_PIN}</arg>
<doc>Click the element identified by ``locator``.</doc>
<status status="PASS" start="2024-09-12T10:04:09.432910" elapsed="1.380663"/>
</kw>
<kw name="Wait Until Element Is Visible" owner="SeleniumLibrary">
<arg>${btn_add_new_PIN}</arg>
<arg>20s</arg>
<doc>Waits until the element ``locator`` is visible.</doc>
<status status="PASS" start="2024-09-12T10:04:10.813895" elapsed="0.848171"/>
</kw>
<kw name="Click Element" owner="SeleniumLibrary">
<msg time="2024-09-12T10:04:11.662817" level="INFO">Clicking element '//button[@class="oxd-button oxd-button--medium oxd-button--secondary"]'.</msg>
<arg>${btn_add_new_PIN}</arg>
<doc>Click the element identified by ``locator``.</doc>
<status status="PASS" start="2024-09-12T10:04:11.662280" elapsed="0.996717"/>
</kw>
<kw name="Wait Until Element Is Visible" owner="SeleniumLibrary">
<msg time="2024-09-12T10:04:42.974545" level="INFO" html="true">&lt;/td&gt;&lt;/tr&gt;&lt;tr&gt;&lt;td colspan="3"&gt;&lt;a href="selenium-screenshot-14.png"&gt;&lt;img src="selenium-screenshot-14.png" width="800px"&gt;&lt;/a&gt;</msg>
<msg time="2024-09-12T10:04:42.974821" level="FAIL">Element 'xpath=//input[@class="oxd-file-input"]' not visible after 30 seconds.</msg>
<arg>${input_file}</arg>
<arg>30s</arg>
<doc>Waits until the element ``locator`` is visible.</doc>
<status status="FAIL" start="2024-09-12T10:04:12.659526" elapsed="30.319688">Element 'xpath=//input[@class="oxd-file-input"]' not visible after 30 seconds.</status>
</kw>
<kw name="Sleep" owner="BuiltIn">
<arg>20s</arg>
<doc>Pauses the test executed for the given time.</doc>
<status status="NOT RUN" start="2024-09-12T10:04:42.979458" elapsed="0.000043"/>
</kw>
<kw name="Execute Javascript" owner="SeleniumLibrary">
<arg>const elem = document.evaluate('//input[@class="oxd-file-input"]', document, null, XPathResult.FIRST_ORDERED_NODE_TYPE, null).singleNodeValue; if (elem) { elem.style.opacity='1'; elem.style.visibility='visible'; elem.style.display='block'; } else { console.log('Elemento não encontrado'); }</arg>
<doc>Executes the given JavaScript code with possible arguments.</doc>
<status status="NOT RUN" start="2024-09-12T10:04:42.979675" elapsed="0.000040"/>
</kw>
<kw name="Sleep" owner="BuiltIn">
<arg>30s</arg>
<doc>Pauses the test executed for the given time.</doc>
<status status="NOT RUN" start="2024-09-12T10:04:42.979835" elapsed="0.000034"/>
</kw>
<kw name="Choose File" owner="SeleniumLibrary">
<arg>${input_file}</arg>
<arg>${key_image}</arg>
<doc>Inputs the ``file_path`` into the file input field ``locator``.</doc>
<status status="NOT RUN" start="2024-09-12T10:04:42.979990" elapsed="0.000033"/>
</kw>
<kw name="Wait Until Element Is Visible" owner="SeleniumLibrary">
<arg>${input_employee_first_name}</arg>
<arg>20s</arg>
<doc>Waits until the element ``locator`` is visible.</doc>
<status status="NOT RUN" start="2024-09-12T10:04:42.980142" elapsed="0.000033"/>
</kw>
<kw name="Input Text" owner="SeleniumLibrary">
<arg>${input_employee_first_name}</arg>
<arg>${key_employee_first_name}</arg>
<doc>Types the given ``text`` into the text field identified by ``locator``.</doc>
<status status="NOT RUN" start="2024-09-12T10:04:42.980289" elapsed="0.000031"/>
</kw>
<kw name="Wait Until Element Is Visible" owner="SeleniumLibrary">
<arg>${input_employee_middle_name}</arg>
<arg>20s</arg>
<doc>Waits until the element ``locator`` is visible.</doc>
<status status="NOT RUN" start="2024-09-12T10:04:42.980441" elapsed="0.000032"/>
</kw>
<kw name="Input Text" owner="SeleniumLibrary">
<arg>${input_employee_middle_name}</arg>
<arg>${key_employee_middle_name}</arg>
<doc>Types the given ``text`` into the text field identified by ``locator``.</doc>
<status status="NOT RUN" start="2024-09-12T10:04:42.980584" elapsed="0.000031"/>
</kw>
<kw name="Wait Until Element Is Visible" owner="SeleniumLibrary">
<arg>${input_employee_last_name}</arg>
<arg>20s</arg>
<doc>Waits until the element ``locator`` is visible.</doc>
<status status="NOT RUN" start="2024-09-12T10:04:42.980727" elapsed="0.000031"/>
</kw>
<kw name="Input Text" owner="SeleniumLibrary">
<arg>${input_employee_last_name}</arg>
<arg>${key_employee_last_name}</arg>
<doc>Types the given ``text`` into the text field identified by ``locator``.</doc>
<status status="NOT RUN" start="2024-09-12T10:04:42.980866" elapsed="0.000031"/>
</kw>
<kw name="Wait Until Element Is Visible" owner="SeleniumLibrary">
<arg>${input_employee_id}</arg>
<arg>20s</arg>
<doc>Waits until the element ``locator`` is visible.</doc>
<status status="NOT RUN" start="2024-09-12T10:04:42.981006" elapsed="0.000032"/>
</kw>
<kw name="Input Text" owner="SeleniumLibrary">
<arg>${input_employee_id}</arg>
<arg>${key_employee_id}</arg>
<doc>Types the given ``text`` into the text field identified by ``locator``.</doc>
<status status="NOT RUN" start="2024-09-12T10:04:42.981145" elapsed="0.000030"/>
</kw>
<kw name="Click Element" owner="SeleniumLibrary">
<arg>${btn_save}</arg>
<doc>Click the element identified by ``locator``.</doc>
<status status="NOT RUN" start="2024-09-12T10:04:42.981285" elapsed="0.000030"/>
</kw>
<status status="FAIL" start="2024-09-12T10:04:08.749609" elapsed="34.231875">Element 'xpath=//input[@class="oxd-file-input"]' not visible after 30 seconds.</status>
</kw>
<kw name="Verificar se o funcionário foi salvo">
<status status="NOT RUN" start="2024-09-12T10:04:42.981809" elapsed="0.000208"/>
</kw>
<kw name="Fechar o navegador">
<status status="NOT RUN" start="2024-09-12T10:04:42.982562" elapsed="0.000063"/>
</kw>
<status status="FAIL" start="2024-09-12T10:03:55.181289" elapsed="47.801712">Element 'xpath=//input[@class="oxd-file-input"]' not visible after 30 seconds.</status>
</test>
<status status="FAIL" start="2024-09-12T10:03:54.790965" elapsed="48.192970"/>
</suite>
<statistics>
<total>
<stat pass="0" fail="1" skip="0">All Tests</stat>
</total>
<tag>
</tag>
<suite>
<stat pass="0" fail="1" skip="0" id="s1" name="Test">Test</stat>
</suite>
</statistics>
<errors>
</errors>
</robot>
